<?xml version="1.0" encoding="UTF-8"?>
<testng-results skipped="0" failed="1" ignored="0" total="5" passed="4">
  <reporter-output>
  </reporter-output>
  <suite name="CLP Application Test Automation suite" duration-ms="50275" started-at="2018-08-22T06:08:55Z" finished-at="2018-08-22T06:09:45Z">
    <groups>
    </groups>
    <test name="CLP App Test Cases" duration-ms="50275" started-at="2018-08-22T06:08:55Z" finished-at="2018-08-22T06:09:45Z">
      <class name="com.qa.cpl.test.LoginPageTest">
        <test-method status="PASS" signature="setUp()[pri:0, instance:com.qa.cpl.test.LoginPageTest@6a4f787b]" name="setUp" is-config="true" duration-ms="9200" started-at="2018-08-22T06:08:55Z" finished-at="2018-08-22T06:09:04Z">
          <reporter-output>
          </reporter-output>
        </test-method> <!-- setUp -->
        <test-method status="PASS" signature="loginPageTitleTest()[pri:1, instance:com.qa.cpl.test.LoginPageTest@6a4f787b]" name="loginPageTitleTest" duration-ms="19" started-at="2018-08-22T06:09:04Z" finished-at="2018-08-22T06:09:04Z">
          <reporter-output>
          </reporter-output>
        </test-method> <!-- loginPageTitleTest -->
        <test-method status="PASS" signature="tearDown()[pri:0, instance:com.qa.cpl.test.LoginPageTest@6a4f787b]" name="tearDown" is-config="true" duration-ms="857" started-at="2018-08-22T06:09:04Z" finished-at="2018-08-22T06:09:05Z">
          <reporter-output>
          </reporter-output>
        </test-method> <!-- tearDown -->
        <test-method status="PASS" signature="setUp()[pri:0, instance:com.qa.cpl.test.LoginPageTest@6a4f787b]" name="setUp" is-config="true" duration-ms="8278" started-at="2018-08-22T06:09:26Z" finished-at="2018-08-22T06:09:35Z">
          <reporter-output>
          </reporter-output>
        </test-method> <!-- setUp -->
        <test-method status="PASS" signature="loginTest()[pri:3, instance:com.qa.cpl.test.LoginPageTest@6a4f787b]" name="loginTest" duration-ms="180" started-at="2018-08-22T06:09:35Z" finished-at="2018-08-22T06:09:35Z">
          <reporter-output>
          </reporter-output>
        </test-method> <!-- loginTest -->
        <test-method status="PASS" signature="tearDown()[pri:0, instance:com.qa.cpl.test.LoginPageTest@6a4f787b]" name="tearDown" is-config="true" duration-ms="724" started-at="2018-08-22T06:09:35Z" finished-at="2018-08-22T06:09:36Z">
          <reporter-output>
          </reporter-output>
        </test-method> <!-- tearDown -->
      </class> <!-- com.qa.cpl.test.LoginPageTest -->
      <class name="com.qa.cpl.test.HomePageTest">
        <test-method status="PASS" signature="setUp()[pri:0, instance:com.qa.cpl.test.HomePageTest@685cb137]" name="setUp" is-config="true" duration-ms="8391" started-at="2018-08-22T06:09:05Z" finished-at="2018-08-22T06:09:14Z">
          <reporter-output>
          </reporter-output>
        </test-method> <!-- setUp -->
        <test-method status="PASS" signature="cancelbtnClickTest()[pri:1, instance:com.qa.cpl.test.HomePageTest@685cb137]" name="cancelbtnClickTest" duration-ms="2093" started-at="2018-08-22T06:09:14Z" finished-at="2018-08-22T06:09:16Z">
          <reporter-output>
          </reporter-output>
        </test-method> <!-- cancelbtnClickTest -->
        <test-method status="PASS" signature="tearDown()[pri:0, instance:com.qa.cpl.test.HomePageTest@685cb137]" name="tearDown" is-config="true" duration-ms="764" started-at="2018-08-22T06:09:16Z" finished-at="2018-08-22T06:09:17Z">
          <reporter-output>
          </reporter-output>
        </test-method> <!-- tearDown -->
        <test-method status="PASS" signature="setUp()[pri:0, instance:com.qa.cpl.test.HomePageTest@685cb137]" name="setUp" is-config="true" duration-ms="9095" started-at="2018-08-22T06:09:17Z" finished-at="2018-08-22T06:09:26Z">
          <reporter-output>
          </reporter-output>
        </test-method> <!-- setUp -->
        <test-method status="FAIL" signature="verifyHomePageTitleTest()[pri:2, instance:com.qa.cpl.test.HomePageTest@685cb137]" name="verifyHomePageTitleTest" duration-ms="7" started-at="2018-08-22T06:09:26Z" finished-at="2018-08-22T06:09:26Z">
          <exception class="java.lang.AssertionError">
            <message>
              <![CDATA[expected [Customer Pane] but found [Customer Panel]]]>
            </message>
            <full-stacktrace>
              <![CDATA[java.lang.AssertionError: expected [Customer Pane] but found [Customer Panel]
at org.testng.Assert.fail(Assert.java:96)
at org.testng.Assert.failNotEquals(Assert.java:776)
at org.testng.Assert.assertEqualsImpl(Assert.java:137)
at org.testng.Assert.assertEquals(Assert.java:118)
at org.testng.Assert.assertEquals(Assert.java:453)
at org.testng.Assert.assertEquals(Assert.java:463)
at com.qa.cpl.test.HomePageTest.verifyHomePageTitleTest(HomePageTest.java:40)
at sun.reflect.NativeMethodAccessorImpl.invoke0(Native Method)
at sun.reflect.NativeMethodAccessorImpl.invoke(Unknown Source)
at sun.reflect.DelegatingMethodAccessorImpl.invoke(Unknown Source)
at java.lang.reflect.Method.invoke(Unknown Source)
at org.testng.internal.MethodInvocationHelper.invokeMethod(MethodInvocationHelper.java:124)
at org.testng.internal.Invoker.invokeMethod(Invoker.java:580)
at org.testng.internal.Invoker.invokeTestMethod(Invoker.java:716)
at org.testng.internal.Invoker.invokeTestMethods(Invoker.java:988)
at org.testng.internal.TestMethodWorker.invokeTestMethods(TestMethodWorker.java:125)
at org.testng.internal.TestMethodWorker.run(TestMethodWorker.java:109)
at org.testng.TestRunner.privateRun(TestRunner.java:648)
at org.testng.TestRunner.run(TestRunner.java:505)
at org.testng.SuiteRunner.runTest(SuiteRunner.java:455)
at org.testng.SuiteRunner.runSequentially(SuiteRunner.java:450)
at org.testng.SuiteRunner.privateRun(SuiteRunner.java:415)
at org.testng.SuiteRunner.run(SuiteRunner.java:364)
at org.testng.SuiteRunnerWorker.runSuite(SuiteRunnerWorker.java:52)
at org.testng.SuiteRunnerWorker.run(SuiteRunnerWorker.java:84)
at org.testng.TestNG.runSuitesSequentially(TestNG.java:1208)
at org.testng.TestNG.runSuitesLocally(TestNG.java:1137)
at org.testng.TestNG.runSuites(TestNG.java:1049)
at org.testng.TestNG.run(TestNG.java:1017)
at org.testng.remote.AbstractRemoteTestNG.run(AbstractRemoteTestNG.java:114)
at org.testng.remote.RemoteTestNG.initAndRun(RemoteTestNG.java:251)
at org.testng.remote.RemoteTestNG.main(RemoteTestNG.java:77)
]]>
            </full-stacktrace>
          </exception> <!-- java.lang.AssertionError -->
          <reporter-output>
          </reporter-output>
        </test-method> <!-- verifyHomePageTitleTest -->
        <test-method status="PASS" signature="tearDown()[pri:0, instance:com.qa.cpl.test.HomePageTest@685cb137]" name="tearDown" is-config="true" duration-ms="747" started-at="2018-08-22T06:09:26Z" finished-at="2018-08-22T06:09:26Z">
          <reporter-output>
          </reporter-output>
        </test-method> <!-- tearDown -->
        <test-method status="PASS" signature="setUp()[pri:0, instance:com.qa.cpl.test.HomePageTest@685cb137]" name="setUp" is-config="true" duration-ms="7822" started-at="2018-08-22T06:09:36Z" finished-at="2018-08-22T06:09:43Z">
          <reporter-output>
          </reporter-output>
        </test-method> <!-- setUp -->
        <test-method status="PASS" signature="clickOnProfileLinksTest()[pri:3, instance:com.qa.cpl.test.HomePageTest@685cb137]" name="clickOnProfileLinksTest" duration-ms="1300" started-at="2018-08-22T06:09:43Z" finished-at="2018-08-22T06:09:45Z">
          <reporter-output>
          </reporter-output>
        </test-method> <!-- clickOnProfileLinksTest -->
        <test-method status="PASS" signature="tearDown()[pri:0, instance:com.qa.cpl.test.HomePageTest@685cb137]" name="tearDown" is-config="true" duration-ms="766" started-at="2018-08-22T06:09:45Z" finished-at="2018-08-22T06:09:45Z">
          <reporter-output>
          </reporter-output>
        </test-method> <!-- tearDown -->
      </class> <!-- com.qa.cpl.test.HomePageTest -->
    </test> <!-- CLP App Test Cases -->
  </suite> <!-- CLP Application Test Automation suite -->
</testng-results>
